<?xml version="1.0" encoding="UTF-8"?>
<!-- Generated by org.testng.reporters.JUnitXMLReporter -->
<testsuite ignored="0" hostname="PARTHDellG15" failures="1" tests="4" name="Test" time="133.491" errors="0" timestamp="2025-02-06T17:37:54 IST">
  <testcase classname="PreInspection._01_PreInspection_InitiateNewProcess" name="InitiateNewProcess" time="9.857"/>
  <testcase classname="PreInspection._02_PreInspection_CustomerFormFill" name="Customer_Form_Fill" time="40.51"/>
  <testcase classname="PreInspection._03_PreInspection_PreCheck" name="Pre_Check" time="31.181"/>
  <testcase classname="PreInspection._04_PreInspection_QualityCheck" name="Quality_Check" time="14.76">
    <failure type="org.openqa.selenium.NoSuchElementException" message="Cannot locate option with value: 1
For documentation on this error, please visit: https://www.selenium.dev/documentation/webdriver/troubleshooting/errors#no-such-element-exception
Build info: version: &amp;apos;4.27.0&amp;apos;, revision: &amp;apos;d6e718d134&amp;apos;
System info: os.name: &amp;apos;Windows 11&amp;apos;, os.arch: &amp;apos;amd64&amp;apos;, os.version: &amp;apos;10.0&amp;apos;, java.version: &amp;apos;17.0.10&amp;apos;
Driver info: driver.version: unknown">
      <![CDATA[org.openqa.selenium.NoSuchElementException: Cannot locate option with value: 1
For documentation on this error, please visit: https://www.selenium.dev/documentation/webdriver/troubleshooting/errors#no-such-element-exception
Build info: version: '4.27.0', revision: 'd6e718d134'
System info: os.name: 'Windows 11', os.arch: 'amd64', os.version: '10.0', java.version: '17.0.10'
Driver info: driver.version: unknown
at org.openqa.selenium.support.ui.Select.findOptionsByValue(Select.java:393)
at org.openqa.selenium.support.ui.Select.selectByValue(Select.java:277)
at PreInspection._04_PreInspection_QualityCheck.Quality_Check(_04_PreInspection_QualityCheck.java:86)
at java.base/java.util.ArrayList.forEach(ArrayList.java:1511)
... Removed 27 stack frames]]>
    </failure>
  </testcase> <!-- Quality_Check -->
</testsuite> <!-- Test -->
