<html>
<head>
<title>TestNG:  Test</title>
<link href="../testng.css" rel="stylesheet" type="text/css" />
<link href="../my-testng.css" rel="stylesheet" type="text/css" />

<style type="text/css">
.log { display: none;} 
.stack-trace { display: none;} 
</style>
<script type="text/javascript">
<!--
function flip(e) {
  current = e.style.display;
  if (current == 'block') {
    e.style.display = 'none';
    return 0;
  }
  else {
    e.style.display = 'block';
    return 1;
  }
}

function toggleBox(szDivId, elem, msg1, msg2)
{
  var res = -1;  if (document.getElementById) {
    res = flip(document.getElementById(szDivId));
  }
  else if (document.all) {
    // this is the way old msie versions work
    res = flip(document.all[szDivId]);
  }
  if(elem) {
    if(res == 0) elem.innerHTML = msg1; else elem.innerHTML = msg2;
  }

}

function toggleAllBoxes() {
  if (document.getElementsByTagName) {
    d = document.getElementsByTagName('div');
    for (i = 0; i < d.length; i++) {
      if (d[i].className == 'log') {
        flip(d[i]);
      }
    }
  }
}

// -->
</script>

</head>
<body>
<h2 align='center'>Test</h2><table border='1' align="center">
<tr>
<td>Tests passed/Failed/Skipped:</td><td>19/4/0</td>
</tr><tr>
<td>Started on:</td><td>Tue Feb 18 15:44:09 IST 2025</td>
</tr>
<tr><td>Total time:</td><td>557 seconds (557208 ms)</td>
</tr><tr>
<td>Included groups:</td><td></td>
</tr><tr>
<td>Excluded groups:</td><td></td>
</tr>
</table><p/>
<small><i>(Hover the method name to see the test class name)</i></small><p/>
<table width='100%' border='1' class='invocation-failed'>
<tr><td colspan='4' align='center'><b>FAILED TESTS</b></td></tr>
<tr><td><b>Test method</b></td>
<td width="30%"><b>Exception</b></td>
<td width="10%"><b>Time (seconds)</b></td>
<td><b>Instance</b></td>
</tr>
<tr>
<td title='MotorClaim.MotorClaim_Feedback_From_All_Users.MotorClaim_Feedback_From_Repairer()'><b>MotorClaim_Feedback_From_Repairer</b><br>Test class: MotorClaim.MotorClaim_Feedback_From_All_Users<br/>
<a href="#Output-1797553910" onClick='toggleBox("Output-1797553910", this, "Show output", "Hide output");'>Show output</a>

<a href="#Output-1797553910" onClick="toggleAllBoxes();">Show all outputs</a>
<div class='log' id="Output-1797553910">
Login Successfull<br/>
</div>
</td>
<td><div><pre>org.openqa.selenium.NoSuchElementException: no such element: Unable to locate element: {&quot;method&quot;:&quot;xpath&quot;,&quot;selector&quot;:&quot;(//button[text()=&apos;Give Feedback&apos;])[1]&quot;}
  (Session info: chrome=132.0.6834.197)
For documentation on this error, please visit: https://www.selenium.dev/documentation/webdriver/troubleshooting/errors#no-such-element-exception
Build info: version: &apos;4.27.0&apos;, revision: &apos;d6e718d134&apos;
System info: os.name: &apos;Windows 11&apos;, os.arch: &apos;amd64&apos;, os.version: &apos;10.0&apos;, java.version: &apos;17.0.10&apos;
Driver info: org.openqa.selenium.chrome.ChromeDriver
Command: [fc86e74e29a920277f81478f055d33ab, findElement {value=(//button[text()=&apos;Give Feedback&apos;])[1], using=xpath}]
Capabilities {acceptInsecureCerts: false, browserName: chrome, browserVersion: 132.0.6834.197, chrome: {chromedriverVersion: 132.0.6834.159 (2d77d3fc445..., userDataDir: C:\Users\parth\AppData\Loca...}, fedcm:accounts: true, goog:chromeOptions: {debuggerAddress: localhost:63043}, networkConnectionEnabled: false, pageLoadStrategy: normal, platformName: windows, proxy: Proxy(), se:cdp: ws://localhost:63043/devtoo..., se:cdpVersion: 132.0.6834.197, setWindowRect: true, strictFileInteractability: false, timeouts: {implicit: 0, pageLoad: 300000, script: 30000}, unhandledPromptBehavior: dismiss and notify, webauthn:extension:credBlob: true, webauthn:extension:largeBlob: true, webauthn:extension:minPinLength: true, webauthn:extension:prf: true, webauthn:virtualAuthenticators: true}
Session ID: fc86e74e29a920277f81478f055d33ab
	at org.openqa.selenium.remote.ErrorCodec.decode(ErrorCodec.java:167)
	at org.openqa.selenium.remote.codec.w3c.W3CHttpResponseCodec.decode(W3CHttpResponseCodec.java:138)
	at org.openqa.selenium.remote.codec.w3c.W3CHttpResponseCodec.decode(W3CHttpResponseCodec.java:50)
	at org.openqa.selenium.remote.HttpCommandExecutor.execute(HttpCommandExecutor.java:190)
	at org.openqa.selenium.remote.service.DriverCommandExecutor.invokeExecute(DriverCommandExecutor.java:216)
	at org.openqa.selenium.remote.service.DriverCommandExecutor.execute(DriverCommandExecutor.java:174)
	at org.openqa.selenium.remote.RemoteWebDriver.execute(RemoteWebDriver.java:545)
	at org.openqa.selenium.remote.ElementLocation$ElementFinder$2.findElement(ElementLocation.java:165)
	at org.openqa.selenium.remote.ElementLocation.findElement(ElementLocation.java:59)
	at org.openqa.selenium.remote.RemoteWebDriver.findElement(RemoteWebDriver.java:368)
	at org.openqa.selenium.remote.RemoteWebDriver.findElement(RemoteWebDriver.java:362)
	at MotorClaim.MotorClaim_Feedback_From_All_Users.MotorClaim_Feedback_From_Repairer(MotorClaim_Feedback_From_All_Users.java:108)
	at java.base/java.util.ArrayList.forEach(ArrayList.java:1511)
... Removed 32 stack frames</pre></div><a href='#' onClick='toggleBox("stack-trace1797553910", this, "Click to show all stack frames", "Click to hide stack frames")'>Click to show all stack frames</a>
<div class='stack-trace' id='stack-trace1797553910'><pre>org.openqa.selenium.NoSuchElementException: no such element: Unable to locate element: {&quot;method&quot;:&quot;xpath&quot;,&quot;selector&quot;:&quot;(//button[text()=&apos;Give Feedback&apos;])[1]&quot;}
  (Session info: chrome=132.0.6834.197)
For documentation on this error, please visit: https://www.selenium.dev/documentation/webdriver/troubleshooting/errors#no-such-element-exception
Build info: version: &apos;4.27.0&apos;, revision: &apos;d6e718d134&apos;
System info: os.name: &apos;Windows 11&apos;, os.arch: &apos;amd64&apos;, os.version: &apos;10.0&apos;, java.version: &apos;17.0.10&apos;
Driver info: org.openqa.selenium.chrome.ChromeDriver
Command: [fc86e74e29a920277f81478f055d33ab, findElement {value=(//button[text()=&apos;Give Feedback&apos;])[1], using=xpath}]
Capabilities {acceptInsecureCerts: false, browserName: chrome, browserVersion: 132.0.6834.197, chrome: {chromedriverVersion: 132.0.6834.159 (2d77d3fc445..., userDataDir: C:\Users\parth\AppData\Loca...}, fedcm:accounts: true, goog:chromeOptions: {debuggerAddress: localhost:63043}, networkConnectionEnabled: false, pageLoadStrategy: normal, platformName: windows, proxy: Proxy(), se:cdp: ws://localhost:63043/devtoo..., se:cdpVersion: 132.0.6834.197, setWindowRect: true, strictFileInteractability: false, timeouts: {implicit: 0, pageLoad: 300000, script: 30000}, unhandledPromptBehavior: dismiss and notify, webauthn:extension:credBlob: true, webauthn:extension:largeBlob: true, webauthn:extension:minPinLength: true, webauthn:extension:prf: true, webauthn:virtualAuthenticators: true}
Session ID: fc86e74e29a920277f81478f055d33ab
	at java.base/jdk.internal.reflect.NativeConstructorAccessorImpl.newInstance0(Native Method)
	at java.base/jdk.internal.reflect.NativeConstructorAccessorImpl.newInstance(NativeConstructorAccessorImpl.java:77)
	at java.base/jdk.internal.reflect.DelegatingConstructorAccessorImpl.newInstance(DelegatingConstructorAccessorImpl.java:45)
	at java.base/java.lang.reflect.Constructor.newInstanceWithCaller(Constructor.java:499)
	at java.base/java.lang.reflect.Constructor.newInstance(Constructor.java:480)
	at org.openqa.selenium.remote.ErrorCodec.decode(ErrorCodec.java:167)
	at org.openqa.selenium.remote.codec.w3c.W3CHttpResponseCodec.decode(W3CHttpResponseCodec.java:138)
	at org.openqa.selenium.remote.codec.w3c.W3CHttpResponseCodec.decode(W3CHttpResponseCodec.java:50)
	at org.openqa.selenium.remote.HttpCommandExecutor.execute(HttpCommandExecutor.java:190)
	at org.openqa.selenium.remote.service.DriverCommandExecutor.invokeExecute(DriverCommandExecutor.java:216)
	at org.openqa.selenium.remote.service.DriverCommandExecutor.execute(DriverCommandExecutor.java:174)
	at org.openqa.selenium.remote.RemoteWebDriver.execute(RemoteWebDriver.java:545)
	at org.openqa.selenium.remote.ElementLocation$ElementFinder$2.findElement(ElementLocation.java:165)
	at org.openqa.selenium.remote.ElementLocation.findElement(ElementLocation.java:59)
	at org.openqa.selenium.remote.RemoteWebDriver.findElement(RemoteWebDriver.java:368)
	at org.openqa.selenium.remote.RemoteWebDriver.findElement(RemoteWebDriver.java:362)
	at MotorClaim.MotorClaim_Feedback_From_All_Users.MotorClaim_Feedback_From_Repairer(MotorClaim_Feedback_From_All_Users.java:108)
	at java.base/jdk.internal.reflect.NativeMethodAccessorImpl.invoke0(Native Method)
	at java.base/jdk.internal.reflect.NativeMethodAccessorImpl.invoke(NativeMethodAccessorImpl.java:77)
	at java.base/jdk.internal.reflect.DelegatingMethodAccessorImpl.invoke(DelegatingMethodAccessorImpl.java:43)
	at java.base/java.lang.reflect.Method.invoke(Method.java:568)
	at org.testng.internal.MethodInvocationHelper.invokeMethod(MethodInvocationHelper.java:133)
	at org.testng.internal.TestInvoker.invokeMethod(TestInvoker.java:598)
	at org.testng.internal.TestInvoker.invokeTestMethod(TestInvoker.java:173)
	at org.testng.internal.MethodRunner.runInSequence(MethodRunner.java:46)
	at org.testng.internal.TestInvoker$MethodInvocationAgent.invoke(TestInvoker.java:824)
	at org.testng.internal.TestInvoker.invokeTestMethods(TestInvoker.java:146)
	at org.testng.internal.TestMethodWorker.invokeTestMethods(TestMethodWorker.java:146)
	at org.testng.internal.TestMethodWorker.run(TestMethodWorker.java:128)
	at java.base/java.util.ArrayList.forEach(ArrayList.java:1511)
	at org.testng.TestRunner.privateRun(TestRunner.java:794)
	at org.testng.TestRunner.run(TestRunner.java:596)
	at org.testng.SuiteRunner.runTest(SuiteRunner.java:377)
	at org.testng.SuiteRunner.runSequentially(SuiteRunner.java:371)
	at org.testng.SuiteRunner.privateRun(SuiteRunner.java:332)
	at org.testng.SuiteRunner.run(SuiteRunner.java:276)
	at org.testng.SuiteRunnerWorker.runSuite(SuiteRunnerWorker.java:53)
	at org.testng.SuiteRunnerWorker.run(SuiteRunnerWorker.java:96)
	at org.testng.TestNG.runSuitesSequentially(TestNG.java:1212)
	at org.testng.TestNG.runSuitesLocally(TestNG.java:1134)
	at org.testng.TestNG.runSuites(TestNG.java:1063)
	at org.testng.TestNG.run(TestNG.java:1031)
	at org.testng.remote.AbstractRemoteTestNG.run(AbstractRemoteTestNG.java:115)
	at org.testng.remote.RemoteTestNG.initAndRun(RemoteTestNG.java:293)
	at org.testng.remote.RemoteTestNG.main(RemoteTestNG.java:91)
</pre></div></td>
<td>12</td>
<td>MotorClaim.MotorClaim_Feedback_From_All_Users@1bd4fdd</td></tr>
<tr>
<td title='MotorClaim.MotorClaim_Feedback_From_All_Users.MotorClaim_Feedback_From_Customer()'><b>MotorClaim_Feedback_From_Customer</b><br>Test class: MotorClaim.MotorClaim_Feedback_From_All_Users<br/>
<a href="#Output-261371975" onClick='toggleBox("Output-261371975", this, "Show output", "Hide output");'>Show output</a>

<a href="#Output-261371975" onClick="toggleAllBoxes();">Show all outputs</a>
<div class='log' id="Output-261371975">
Login Successfull<br/>
</div>
</td>
<td><div><pre>org.openqa.selenium.NoSuchElementException: no such element: Unable to locate element: {&quot;method&quot;:&quot;xpath&quot;,&quot;selector&quot;:&quot;(//button[text()=&apos;Give Feedback&apos;])[1]&quot;}
  (Session info: chrome=132.0.6834.197)
For documentation on this error, please visit: https://www.selenium.dev/documentation/webdriver/troubleshooting/errors#no-such-element-exception
Build info: version: &apos;4.27.0&apos;, revision: &apos;d6e718d134&apos;
System info: os.name: &apos;Windows 11&apos;, os.arch: &apos;amd64&apos;, os.version: &apos;10.0&apos;, java.version: &apos;17.0.10&apos;
Driver info: org.openqa.selenium.chrome.ChromeDriver
Command: [4aaa32638f0a12f8400001bdf7a8a300, findElement {value=(//button[text()=&apos;Give Feedback&apos;])[1], using=xpath}]
Capabilities {acceptInsecureCerts: false, browserName: chrome, browserVersion: 132.0.6834.197, chrome: {chromedriverVersion: 132.0.6834.159 (2d77d3fc445..., userDataDir: C:\Users\parth\AppData\Loca...}, fedcm:accounts: true, goog:chromeOptions: {debuggerAddress: localhost:63106}, networkConnectionEnabled: false, pageLoadStrategy: normal, platformName: windows, proxy: Proxy(), se:cdp: ws://localhost:63106/devtoo..., se:cdpVersion: 132.0.6834.197, setWindowRect: true, strictFileInteractability: false, timeouts: {implicit: 0, pageLoad: 300000, script: 30000}, unhandledPromptBehavior: dismiss and notify, webauthn:extension:credBlob: true, webauthn:extension:largeBlob: true, webauthn:extension:minPinLength: true, webauthn:extension:prf: true, webauthn:virtualAuthenticators: true}
Session ID: 4aaa32638f0a12f8400001bdf7a8a300
	at org.openqa.selenium.remote.ErrorCodec.decode(ErrorCodec.java:167)
	at org.openqa.selenium.remote.codec.w3c.W3CHttpResponseCodec.decode(W3CHttpResponseCodec.java:138)
	at org.openqa.selenium.remote.codec.w3c.W3CHttpResponseCodec.decode(W3CHttpResponseCodec.java:50)
	at org.openqa.selenium.remote.HttpCommandExecutor.execute(HttpCommandExecutor.java:190)
	at org.openqa.selenium.remote.service.DriverCommandExecutor.invokeExecute(DriverCommandExecutor.java:216)
	at org.openqa.selenium.remote.service.DriverCommandExecutor.execute(DriverCommandExecutor.java:174)
	at org.openqa.selenium.remote.RemoteWebDriver.execute(RemoteWebDriver.java:545)
	at org.openqa.selenium.remote.ElementLocation$ElementFinder$2.findElement(ElementLocation.java:165)
	at org.openqa.selenium.remote.ElementLocation.findElement(ElementLocation.java:59)
	at org.openqa.selenium.remote.RemoteWebDriver.findElement(RemoteWebDriver.java:368)
	at org.openqa.selenium.remote.RemoteWebDriver.findElement(RemoteWebDriver.java:362)
	at MotorClaim.MotorClaim_Feedback_From_All_Users.MotorClaim_Feedback_From_Customer(MotorClaim_Feedback_From_All_Users.java:32)
	at java.base/java.util.ArrayList.forEach(ArrayList.java:1511)
... Removed 32 stack frames</pre></div><a href='#' onClick='toggleBox("stack-trace261371975", this, "Click to show all stack frames", "Click to hide stack frames")'>Click to show all stack frames</a>
<div class='stack-trace' id='stack-trace261371975'><pre>org.openqa.selenium.NoSuchElementException: no such element: Unable to locate element: {&quot;method&quot;:&quot;xpath&quot;,&quot;selector&quot;:&quot;(//button[text()=&apos;Give Feedback&apos;])[1]&quot;}
  (Session info: chrome=132.0.6834.197)
For documentation on this error, please visit: https://www.selenium.dev/documentation/webdriver/troubleshooting/errors#no-such-element-exception
Build info: version: &apos;4.27.0&apos;, revision: &apos;d6e718d134&apos;
System info: os.name: &apos;Windows 11&apos;, os.arch: &apos;amd64&apos;, os.version: &apos;10.0&apos;, java.version: &apos;17.0.10&apos;
Driver info: org.openqa.selenium.chrome.ChromeDriver
Command: [4aaa32638f0a12f8400001bdf7a8a300, findElement {value=(//button[text()=&apos;Give Feedback&apos;])[1], using=xpath}]
Capabilities {acceptInsecureCerts: false, browserName: chrome, browserVersion: 132.0.6834.197, chrome: {chromedriverVersion: 132.0.6834.159 (2d77d3fc445..., userDataDir: C:\Users\parth\AppData\Loca...}, fedcm:accounts: true, goog:chromeOptions: {debuggerAddress: localhost:63106}, networkConnectionEnabled: false, pageLoadStrategy: normal, platformName: windows, proxy: Proxy(), se:cdp: ws://localhost:63106/devtoo..., se:cdpVersion: 132.0.6834.197, setWindowRect: true, strictFileInteractability: false, timeouts: {implicit: 0, pageLoad: 300000, script: 30000}, unhandledPromptBehavior: dismiss and notify, webauthn:extension:credBlob: true, webauthn:extension:largeBlob: true, webauthn:extension:minPinLength: true, webauthn:extension:prf: true, webauthn:virtualAuthenticators: true}
Session ID: 4aaa32638f0a12f8400001bdf7a8a300
	at java.base/jdk.internal.reflect.NativeConstructorAccessorImpl.newInstance0(Native Method)
	at java.base/jdk.internal.reflect.NativeConstructorAccessorImpl.newInstance(NativeConstructorAccessorImpl.java:77)
	at java.base/jdk.internal.reflect.DelegatingConstructorAccessorImpl.newInstance(DelegatingConstructorAccessorImpl.java:45)
	at java.base/java.lang.reflect.Constructor.newInstanceWithCaller(Constructor.java:499)
	at java.base/java.lang.reflect.Constructor.newInstance(Constructor.java:480)
	at org.openqa.selenium.remote.ErrorCodec.decode(ErrorCodec.java:167)
	at org.openqa.selenium.remote.codec.w3c.W3CHttpResponseCodec.decode(W3CHttpResponseCodec.java:138)
	at org.openqa.selenium.remote.codec.w3c.W3CHttpResponseCodec.decode(W3CHttpResponseCodec.java:50)
	at org.openqa.selenium.remote.HttpCommandExecutor.execute(HttpCommandExecutor.java:190)
	at org.openqa.selenium.remote.service.DriverCommandExecutor.invokeExecute(DriverCommandExecutor.java:216)
	at org.openqa.selenium.remote.service.DriverCommandExecutor.execute(DriverCommandExecutor.java:174)
	at org.openqa.selenium.remote.RemoteWebDriver.execute(RemoteWebDriver.java:545)
	at org.openqa.selenium.remote.ElementLocation$ElementFinder$2.findElement(ElementLocation.java:165)
	at org.openqa.selenium.remote.ElementLocation.findElement(ElementLocation.java:59)
	at org.openqa.selenium.remote.RemoteWebDriver.findElement(RemoteWebDriver.java:368)
	at org.openqa.selenium.remote.RemoteWebDriver.findElement(RemoteWebDriver.java:362)
	at MotorClaim.MotorClaim_Feedback_From_All_Users.MotorClaim_Feedback_From_Customer(MotorClaim_Feedback_From_All_Users.java:32)
	at java.base/jdk.internal.reflect.NativeMethodAccessorImpl.invoke0(Native Method)
	at java.base/jdk.internal.reflect.NativeMethodAccessorImpl.invoke(NativeMethodAccessorImpl.java:77)
	at java.base/jdk.internal.reflect.DelegatingMethodAccessorImpl.invoke(DelegatingMethodAccessorImpl.java:43)
	at java.base/java.lang.reflect.Method.invoke(Method.java:568)
	at org.testng.internal.MethodInvocationHelper.invokeMethod(MethodInvocationHelper.java:133)
	at org.testng.internal.TestInvoker.invokeMethod(TestInvoker.java:598)
	at org.testng.internal.TestInvoker.invokeTestMethod(TestInvoker.java:173)
	at org.testng.internal.MethodRunner.runInSequence(MethodRunner.java:46)
	at org.testng.internal.TestInvoker$MethodInvocationAgent.invoke(TestInvoker.java:824)
	at org.testng.internal.TestInvoker.invokeTestMethods(TestInvoker.java:146)
	at org.testng.internal.TestMethodWorker.invokeTestMethods(TestMethodWorker.java:146)
	at org.testng.internal.TestMethodWorker.run(TestMethodWorker.java:128)
	at java.base/java.util.ArrayList.forEach(ArrayList.java:1511)
	at org.testng.TestRunner.privateRun(TestRunner.java:794)
	at org.testng.TestRunner.run(TestRunner.java:596)
	at org.testng.SuiteRunner.runTest(SuiteRunner.java:377)
	at org.testng.SuiteRunner.runSequentially(SuiteRunner.java:371)
	at org.testng.SuiteRunner.privateRun(SuiteRunner.java:332)
	at org.testng.SuiteRunner.run(SuiteRunner.java:276)
	at org.testng.SuiteRunnerWorker.runSuite(SuiteRunnerWorker.java:53)
	at org.testng.SuiteRunnerWorker.run(SuiteRunnerWorker.java:96)
	at org.testng.TestNG.runSuitesSequentially(TestNG.java:1212)
	at org.testng.TestNG.runSuitesLocally(TestNG.java:1134)
	at org.testng.TestNG.runSuites(TestNG.java:1063)
	at org.testng.TestNG.run(TestNG.java:1031)
	at org.testng.remote.AbstractRemoteTestNG.run(AbstractRemoteTestNG.java:115)
	at org.testng.remote.RemoteTestNG.initAndRun(RemoteTestNG.java:293)
	at org.testng.remote.RemoteTestNG.main(RemoteTestNG.java:91)
</pre></div></td>
<td>12</td>
<td>MotorClaim.MotorClaim_Feedback_From_All_Users@1bd4fdd</td></tr>
<tr>
<td title='MotorClaim.MotorClaim_Feedback_From_All_Users.MotorClaim_Feedback_From_Insurer()'><b>MotorClaim_Feedback_From_Insurer</b><br>Test class: MotorClaim.MotorClaim_Feedback_From_All_Users<br/>
<a href="#Output-1612610711" onClick='toggleBox("Output-1612610711", this, "Show output", "Hide output");'>Show output</a>

<a href="#Output-1612610711" onClick="toggleAllBoxes();">Show all outputs</a>
<div class='log' id="Output-1612610711">
Login Successfull<br/>
</div>
</td>
<td><div><pre>org.openqa.selenium.NoSuchElementException: no such element: Unable to locate element: {&quot;method&quot;:&quot;xpath&quot;,&quot;selector&quot;:&quot;(//button[text()=&apos;Give Feedback&apos;])[1]&quot;}
  (Session info: chrome=132.0.6834.197)
For documentation on this error, please visit: https://www.selenium.dev/documentation/webdriver/troubleshooting/errors#no-such-element-exception
Build info: version: &apos;4.27.0&apos;, revision: &apos;d6e718d134&apos;
System info: os.name: &apos;Windows 11&apos;, os.arch: &apos;amd64&apos;, os.version: &apos;10.0&apos;, java.version: &apos;17.0.10&apos;
Driver info: org.openqa.selenium.chrome.ChromeDriver
Command: [c469c0ff1b62ec1a305b3bbe7ca6d9e8, findElement {value=(//button[text()=&apos;Give Feedback&apos;])[1], using=xpath}]
Capabilities {acceptInsecureCerts: false, browserName: chrome, browserVersion: 132.0.6834.197, chrome: {chromedriverVersion: 132.0.6834.159 (2d77d3fc445..., userDataDir: C:\Users\parth\AppData\Loca...}, fedcm:accounts: true, goog:chromeOptions: {debuggerAddress: localhost:63013}, networkConnectionEnabled: false, pageLoadStrategy: normal, platformName: windows, proxy: Proxy(), se:cdp: ws://localhost:63013/devtoo..., se:cdpVersion: 132.0.6834.197, setWindowRect: true, strictFileInteractability: false, timeouts: {implicit: 0, pageLoad: 300000, script: 30000}, unhandledPromptBehavior: dismiss and notify, webauthn:extension:credBlob: true, webauthn:extension:largeBlob: true, webauthn:extension:minPinLength: true, webauthn:extension:prf: true, webauthn:virtualAuthenticators: true}
Session ID: c469c0ff1b62ec1a305b3bbe7ca6d9e8
	at org.openqa.selenium.remote.ErrorCodec.decode(ErrorCodec.java:167)
	at org.openqa.selenium.remote.codec.w3c.W3CHttpResponseCodec.decode(W3CHttpResponseCodec.java:138)
	at org.openqa.selenium.remote.codec.w3c.W3CHttpResponseCodec.decode(W3CHttpResponseCodec.java:50)
	at org.openqa.selenium.remote.HttpCommandExecutor.execute(HttpCommandExecutor.java:190)
	at org.openqa.selenium.remote.service.DriverCommandExecutor.invokeExecute(DriverCommandExecutor.java:216)
	at org.openqa.selenium.remote.service.DriverCommandExecutor.execute(DriverCommandExecutor.java:174)
	at org.openqa.selenium.remote.RemoteWebDriver.execute(RemoteWebDriver.java:545)
	at org.openqa.selenium.remote.ElementLocation$ElementFinder$2.findElement(ElementLocation.java:165)
	at org.openqa.selenium.remote.ElementLocation.findElement(ElementLocation.java:59)
	at org.openqa.selenium.remote.RemoteWebDriver.findElement(RemoteWebDriver.java:368)
	at org.openqa.selenium.remote.RemoteWebDriver.findElement(RemoteWebDriver.java:362)
	at MotorClaim.MotorClaim_Feedback_From_All_Users.MotorClaim_Feedback_From_Insurer(MotorClaim_Feedback_From_All_Users.java:68)
	at java.base/java.util.ArrayList.forEach(ArrayList.java:1511)
... Removed 32 stack frames</pre></div><a href='#' onClick='toggleBox("stack-trace1612610711", this, "Click to show all stack frames", "Click to hide stack frames")'>Click to show all stack frames</a>
<div class='stack-trace' id='stack-trace1612610711'><pre>org.openqa.selenium.NoSuchElementException: no such element: Unable to locate element: {&quot;method&quot;:&quot;xpath&quot;,&quot;selector&quot;:&quot;(//button[text()=&apos;Give Feedback&apos;])[1]&quot;}
  (Session info: chrome=132.0.6834.197)
For documentation on this error, please visit: https://www.selenium.dev/documentation/webdriver/troubleshooting/errors#no-such-element-exception
Build info: version: &apos;4.27.0&apos;, revision: &apos;d6e718d134&apos;
System info: os.name: &apos;Windows 11&apos;, os.arch: &apos;amd64&apos;, os.version: &apos;10.0&apos;, java.version: &apos;17.0.10&apos;
Driver info: org.openqa.selenium.chrome.ChromeDriver
Command: [c469c0ff1b62ec1a305b3bbe7ca6d9e8, findElement {value=(//button[text()=&apos;Give Feedback&apos;])[1], using=xpath}]
Capabilities {acceptInsecureCerts: false, browserName: chrome, browserVersion: 132.0.6834.197, chrome: {chromedriverVersion: 132.0.6834.159 (2d77d3fc445..., userDataDir: C:\Users\parth\AppData\Loca...}, fedcm:accounts: true, goog:chromeOptions: {debuggerAddress: localhost:63013}, networkConnectionEnabled: false, pageLoadStrategy: normal, platformName: windows, proxy: Proxy(), se:cdp: ws://localhost:63013/devtoo..., se:cdpVersion: 132.0.6834.197, setWindowRect: true, strictFileInteractability: false, timeouts: {implicit: 0, pageLoad: 300000, script: 30000}, unhandledPromptBehavior: dismiss and notify, webauthn:extension:credBlob: true, webauthn:extension:largeBlob: true, webauthn:extension:minPinLength: true, webauthn:extension:prf: true, webauthn:virtualAuthenticators: true}
Session ID: c469c0ff1b62ec1a305b3bbe7ca6d9e8
	at java.base/jdk.internal.reflect.NativeConstructorAccessorImpl.newInstance0(Native Method)
	at java.base/jdk.internal.reflect.NativeConstructorAccessorImpl.newInstance(NativeConstructorAccessorImpl.java:77)
	at java.base/jdk.internal.reflect.DelegatingConstructorAccessorImpl.newInstance(DelegatingConstructorAccessorImpl.java:45)
	at java.base/java.lang.reflect.Constructor.newInstanceWithCaller(Constructor.java:499)
	at java.base/java.lang.reflect.Constructor.newInstance(Constructor.java:480)
	at org.openqa.selenium.remote.ErrorCodec.decode(ErrorCodec.java:167)
	at org.openqa.selenium.remote.codec.w3c.W3CHttpResponseCodec.decode(W3CHttpResponseCodec.java:138)
	at org.openqa.selenium.remote.codec.w3c.W3CHttpResponseCodec.decode(W3CHttpResponseCodec.java:50)
	at org.openqa.selenium.remote.HttpCommandExecutor.execute(HttpCommandExecutor.java:190)
	at org.openqa.selenium.remote.service.DriverCommandExecutor.invokeExecute(DriverCommandExecutor.java:216)
	at org.openqa.selenium.remote.service.DriverCommandExecutor.execute(DriverCommandExecutor.java:174)
	at org.openqa.selenium.remote.RemoteWebDriver.execute(RemoteWebDriver.java:545)
	at org.openqa.selenium.remote.ElementLocation$ElementFinder$2.findElement(ElementLocation.java:165)
	at org.openqa.selenium.remote.ElementLocation.findElement(ElementLocation.java:59)
	at org.openqa.selenium.remote.RemoteWebDriver.findElement(RemoteWebDriver.java:368)
	at org.openqa.selenium.remote.RemoteWebDriver.findElement(RemoteWebDriver.java:362)
	at MotorClaim.MotorClaim_Feedback_From_All_Users.MotorClaim_Feedback_From_Insurer(MotorClaim_Feedback_From_All_Users.java:68)
	at java.base/jdk.internal.reflect.NativeMethodAccessorImpl.invoke0(Native Method)
	at java.base/jdk.internal.reflect.NativeMethodAccessorImpl.invoke(NativeMethodAccessorImpl.java:77)
	at java.base/jdk.internal.reflect.DelegatingMethodAccessorImpl.invoke(DelegatingMethodAccessorImpl.java:43)
	at java.base/java.lang.reflect.Method.invoke(Method.java:568)
	at org.testng.internal.MethodInvocationHelper.invokeMethod(MethodInvocationHelper.java:133)
	at org.testng.internal.TestInvoker.invokeMethod(TestInvoker.java:598)
	at org.testng.internal.TestInvoker.invokeTestMethod(TestInvoker.java:173)
	at org.testng.internal.MethodRunner.runInSequence(MethodRunner.java:46)
	at org.testng.internal.TestInvoker$MethodInvocationAgent.invoke(TestInvoker.java:824)
	at org.testng.internal.TestInvoker.invokeTestMethods(TestInvoker.java:146)
	at org.testng.internal.TestMethodWorker.invokeTestMethods(TestMethodWorker.java:146)
	at org.testng.internal.TestMethodWorker.run(TestMethodWorker.java:128)
	at java.base/java.util.ArrayList.forEach(ArrayList.java:1511)
	at org.testng.TestRunner.privateRun(TestRunner.java:794)
	at org.testng.TestRunner.run(TestRunner.java:596)
	at org.testng.SuiteRunner.runTest(SuiteRunner.java:377)
	at org.testng.SuiteRunner.runSequentially(SuiteRunner.java:371)
	at org.testng.SuiteRunner.privateRun(SuiteRunner.java:332)
	at org.testng.SuiteRunner.run(SuiteRunner.java:276)
	at org.testng.SuiteRunnerWorker.runSuite(SuiteRunnerWorker.java:53)
	at org.testng.SuiteRunnerWorker.run(SuiteRunnerWorker.java:96)
	at org.testng.TestNG.runSuitesSequentially(TestNG.java:1212)
	at org.testng.TestNG.runSuitesLocally(TestNG.java:1134)
	at org.testng.TestNG.runSuites(TestNG.java:1063)
	at org.testng.TestNG.run(TestNG.java:1031)
	at org.testng.remote.AbstractRemoteTestNG.run(AbstractRemoteTestNG.java:115)
	at org.testng.remote.RemoteTestNG.initAndRun(RemoteTestNG.java:293)
	at org.testng.remote.RemoteTestNG.main(RemoteTestNG.java:91)
</pre></div></td>
<td>12</td>
<td>MotorClaim.MotorClaim_Feedback_From_All_Users@1bd4fdd</td></tr>
<tr>
<td title='MotorClaim.MotorClaim_Feedback_From_All_Users.MotorClaim_Feedback_From_Surveyor()'><b>MotorClaim_Feedback_From_Surveyor</b><br>Test class: MotorClaim.MotorClaim_Feedback_From_All_Users<br/>
<a href="#Output-1335794721" onClick='toggleBox("Output-1335794721", this, "Show output", "Hide output");'>Show output</a>

<a href="#Output-1335794721" onClick="toggleAllBoxes();">Show all outputs</a>
<div class='log' id="Output-1335794721">
Login Successfull<br/>
</div>
</td>
<td><div><pre>org.openqa.selenium.NoSuchElementException: no such element: Unable to locate element: {&quot;method&quot;:&quot;xpath&quot;,&quot;selector&quot;:&quot;(//button[text()=&apos;Give Feedback&apos;])[1]&quot;}
  (Session info: chrome=132.0.6834.197)
For documentation on this error, please visit: https://www.selenium.dev/documentation/webdriver/troubleshooting/errors#no-such-element-exception
Build info: version: &apos;4.27.0&apos;, revision: &apos;d6e718d134&apos;
System info: os.name: &apos;Windows 11&apos;, os.arch: &apos;amd64&apos;, os.version: &apos;10.0&apos;, java.version: &apos;17.0.10&apos;
Driver info: org.openqa.selenium.chrome.ChromeDriver
Command: [e4ad6da9b6df8ff3a8e5027040d0ab05, findElement {value=(//button[text()=&apos;Give Feedback&apos;])[1], using=xpath}]
Capabilities {acceptInsecureCerts: false, browserName: chrome, browserVersion: 132.0.6834.197, chrome: {chromedriverVersion: 132.0.6834.159 (2d77d3fc445..., userDataDir: C:\Users\parth\AppData\Loca...}, fedcm:accounts: true, goog:chromeOptions: {debuggerAddress: localhost:63074}, networkConnectionEnabled: false, pageLoadStrategy: normal, platformName: windows, proxy: Proxy(), se:cdp: ws://localhost:63074/devtoo..., se:cdpVersion: 132.0.6834.197, setWindowRect: true, strictFileInteractability: false, timeouts: {implicit: 0, pageLoad: 300000, script: 30000}, unhandledPromptBehavior: dismiss and notify, webauthn:extension:credBlob: true, webauthn:extension:largeBlob: true, webauthn:extension:minPinLength: true, webauthn:extension:prf: true, webauthn:virtualAuthenticators: true}
Session ID: e4ad6da9b6df8ff3a8e5027040d0ab05
	at org.openqa.selenium.remote.ErrorCodec.decode(ErrorCodec.java:167)
	at org.openqa.selenium.remote.codec.w3c.W3CHttpResponseCodec.decode(W3CHttpResponseCodec.java:138)
	at org.openqa.selenium.remote.codec.w3c.W3CHttpResponseCodec.decode(W3CHttpResponseCodec.java:50)
	at org.openqa.selenium.remote.HttpCommandExecutor.execute(HttpCommandExecutor.java:190)
	at org.openqa.selenium.remote.service.DriverCommandExecutor.invokeExecute(DriverCommandExecutor.java:216)
	at org.openqa.selenium.remote.service.DriverCommandExecutor.execute(DriverCommandExecutor.java:174)
	at org.openqa.selenium.remote.RemoteWebDriver.execute(RemoteWebDriver.java:545)
	at org.openqa.selenium.remote.ElementLocation$ElementFinder$2.findElement(ElementLocation.java:165)
	at org.openqa.selenium.remote.ElementLocation.findElement(ElementLocation.java:59)
	at org.openqa.selenium.remote.RemoteWebDriver.findElement(RemoteWebDriver.java:368)
	at org.openqa.selenium.remote.RemoteWebDriver.findElement(RemoteWebDriver.java:362)
	at MotorClaim.MotorClaim_Feedback_From_All_Users.MotorClaim_Feedback_From_Surveyor(MotorClaim_Feedback_From_All_Users.java:148)
	at java.base/java.util.ArrayList.forEach(ArrayList.java:1511)
... Removed 32 stack frames</pre></div><a href='#' onClick='toggleBox("stack-trace1335794721", this, "Click to show all stack frames", "Click to hide stack frames")'>Click to show all stack frames</a>
<div class='stack-trace' id='stack-trace1335794721'><pre>org.openqa.selenium.NoSuchElementException: no such element: Unable to locate element: {&quot;method&quot;:&quot;xpath&quot;,&quot;selector&quot;:&quot;(//button[text()=&apos;Give Feedback&apos;])[1]&quot;}
  (Session info: chrome=132.0.6834.197)
For documentation on this error, please visit: https://www.selenium.dev/documentation/webdriver/troubleshooting/errors#no-such-element-exception
Build info: version: &apos;4.27.0&apos;, revision: &apos;d6e718d134&apos;
System info: os.name: &apos;Windows 11&apos;, os.arch: &apos;amd64&apos;, os.version: &apos;10.0&apos;, java.version: &apos;17.0.10&apos;
Driver info: org.openqa.selenium.chrome.ChromeDriver
Command: [e4ad6da9b6df8ff3a8e5027040d0ab05, findElement {value=(//button[text()=&apos;Give Feedback&apos;])[1], using=xpath}]
Capabilities {acceptInsecureCerts: false, browserName: chrome, browserVersion: 132.0.6834.197, chrome: {chromedriverVersion: 132.0.6834.159 (2d77d3fc445..., userDataDir: C:\Users\parth\AppData\Loca...}, fedcm:accounts: true, goog:chromeOptions: {debuggerAddress: localhost:63074}, networkConnectionEnabled: false, pageLoadStrategy: normal, platformName: windows, proxy: Proxy(), se:cdp: ws://localhost:63074/devtoo..., se:cdpVersion: 132.0.6834.197, setWindowRect: true, strictFileInteractability: false, timeouts: {implicit: 0, pageLoad: 300000, script: 30000}, unhandledPromptBehavior: dismiss and notify, webauthn:extension:credBlob: true, webauthn:extension:largeBlob: true, webauthn:extension:minPinLength: true, webauthn:extension:prf: true, webauthn:virtualAuthenticators: true}
Session ID: e4ad6da9b6df8ff3a8e5027040d0ab05
	at java.base/jdk.internal.reflect.NativeConstructorAccessorImpl.newInstance0(Native Method)
	at java.base/jdk.internal.reflect.NativeConstructorAccessorImpl.newInstance(NativeConstructorAccessorImpl.java:77)
	at java.base/jdk.internal.reflect.DelegatingConstructorAccessorImpl.newInstance(DelegatingConstructorAccessorImpl.java:45)
	at java.base/java.lang.reflect.Constructor.newInstanceWithCaller(Constructor.java:499)
	at java.base/java.lang.reflect.Constructor.newInstance(Constructor.java:480)
	at org.openqa.selenium.remote.ErrorCodec.decode(ErrorCodec.java:167)
	at org.openqa.selenium.remote.codec.w3c.W3CHttpResponseCodec.decode(W3CHttpResponseCodec.java:138)
	at org.openqa.selenium.remote.codec.w3c.W3CHttpResponseCodec.decode(W3CHttpResponseCodec.java:50)
	at org.openqa.selenium.remote.HttpCommandExecutor.execute(HttpCommandExecutor.java:190)
	at org.openqa.selenium.remote.service.DriverCommandExecutor.invokeExecute(DriverCommandExecutor.java:216)
	at org.openqa.selenium.remote.service.DriverCommandExecutor.execute(DriverCommandExecutor.java:174)
	at org.openqa.selenium.remote.RemoteWebDriver.execute(RemoteWebDriver.java:545)
	at org.openqa.selenium.remote.ElementLocation$ElementFinder$2.findElement(ElementLocation.java:165)
	at org.openqa.selenium.remote.ElementLocation.findElement(ElementLocation.java:59)
	at org.openqa.selenium.remote.RemoteWebDriver.findElement(RemoteWebDriver.java:368)
	at org.openqa.selenium.remote.RemoteWebDriver.findElement(RemoteWebDriver.java:362)
	at MotorClaim.MotorClaim_Feedback_From_All_Users.MotorClaim_Feedback_From_Surveyor(MotorClaim_Feedback_From_All_Users.java:148)
	at java.base/jdk.internal.reflect.NativeMethodAccessorImpl.invoke0(Native Method)
	at java.base/jdk.internal.reflect.NativeMethodAccessorImpl.invoke(NativeMethodAccessorImpl.java:77)
	at java.base/jdk.internal.reflect.DelegatingMethodAccessorImpl.invoke(DelegatingMethodAccessorImpl.java:43)
	at java.base/java.lang.reflect.Method.invoke(Method.java:568)
	at org.testng.internal.MethodInvocationHelper.invokeMethod(MethodInvocationHelper.java:133)
	at org.testng.internal.TestInvoker.invokeMethod(TestInvoker.java:598)
	at org.testng.internal.TestInvoker.invokeTestMethod(TestInvoker.java:173)
	at org.testng.internal.MethodRunner.runInSequence(MethodRunner.java:46)
	at org.testng.internal.TestInvoker$MethodInvocationAgent.invoke(TestInvoker.java:824)
	at org.testng.internal.TestInvoker.invokeTestMethods(TestInvoker.java:146)
	at org.testng.internal.TestMethodWorker.invokeTestMethods(TestMethodWorker.java:146)
	at org.testng.internal.TestMethodWorker.run(TestMethodWorker.java:128)
	at java.base/java.util.ArrayList.forEach(ArrayList.java:1511)
	at org.testng.TestRunner.privateRun(TestRunner.java:794)
	at org.testng.TestRunner.run(TestRunner.java:596)
	at org.testng.SuiteRunner.runTest(SuiteRunner.java:377)
	at org.testng.SuiteRunner.runSequentially(SuiteRunner.java:371)
	at org.testng.SuiteRunner.privateRun(SuiteRunner.java:332)
	at org.testng.SuiteRunner.run(SuiteRunner.java:276)
	at org.testng.SuiteRunnerWorker.runSuite(SuiteRunnerWorker.java:53)
	at org.testng.SuiteRunnerWorker.run(SuiteRunnerWorker.java:96)
	at org.testng.TestNG.runSuitesSequentially(TestNG.java:1212)
	at org.testng.TestNG.runSuitesLocally(TestNG.java:1134)
	at org.testng.TestNG.runSuites(TestNG.java:1063)
	at org.testng.TestNG.run(TestNG.java:1031)
	at org.testng.remote.AbstractRemoteTestNG.run(AbstractRemoteTestNG.java:115)
	at org.testng.remote.RemoteTestNG.initAndRun(RemoteTestNG.java:293)
	at org.testng.remote.RemoteTestNG.main(RemoteTestNG.java:91)
</pre></div></td>
<td>12</td>
<td>MotorClaim.MotorClaim_Feedback_From_All_Users@1bd4fdd</td></tr>
</table><p>
<table width='100%' border='1' class='invocation-passed'>
<tr><td colspan='4' align='center'><b>PASSED TESTS</b></td></tr>
<tr><td><b>Test method</b></td>
<td width="30%"><b>Exception</b></td>
<td width="10%"><b>Time (seconds)</b></td>
<td><b>Instance</b></td>
</tr>
<tr>
<td title='MotorClaim._01_MotorClaim_InitiateNewProcess.MotorClaim_InitiateNewProcess()'><b>MotorClaim_InitiateNewProcess</b><br>Test class: MotorClaim._01_MotorClaim_InitiateNewProcess<br/>
<a href="#Output-1759915172" onClick='toggleBox("Output-1759915172", this, "Show output", "Hide output");'>Show output</a>

<a href="#Output-1759915172" onClick="toggleAllBoxes();">Show all outputs</a>
<div class='log' id="Output-1759915172">
Login Successfull<br/>
</div>
</td>
<td></td>
<td>11</td>
<td>MotorClaim._01_MotorClaim_InitiateNewProcess@4466af20</td></tr>
<tr>
<td title='MotorClaim._15_MotorClaim_SurveyorFees.MotorClaim_SurvyeorFees()'><b>MotorClaim_SurvyeorFees</b><br>Test class: MotorClaim._15_MotorClaim_SurveyorFees<br/>
<a href="#Output-605660635" onClick='toggleBox("Output-605660635", this, "Show output", "Hide output");'>Show output</a>

<a href="#Output-605660635" onClick="toggleAllBoxes();">Show all outputs</a>
<div class='log' id="Output-605660635">
Login Successfull<br/>
</div>
</td>
<td></td>
<td>10</td>
<td>MotorClaim._15_MotorClaim_SurveyorFees@5b8dfcc1</td></tr>
<tr>
<td title='MotorClaim._02_MotorClaim_ClaimFormSubmission.MotorClaim_ClaimFormSubmission()'><b>MotorClaim_ClaimFormSubmission</b><br>Test class: MotorClaim._02_MotorClaim_ClaimFormSubmission<br/>
<a href="#Output-1795560878" onClick='toggleBox("Output-1795560878", this, "Show output", "Hide output");'>Show output</a>

<a href="#Output-1795560878" onClick="toggleAllBoxes();">Show all outputs</a>
<div class='log' id="Output-1795560878">
Login Successfull<br/>
</div>
</td>
<td></td>
<td>53</td>
<td>MotorClaim._02_MotorClaim_ClaimFormSubmission@c8c12ac</td></tr>
<tr>
<td title='MotorClaim._17_MotorClaim_PaymentDetails.MotorClaim_PaymentDetails()'><b>MotorClaim_PaymentDetails</b><br>Test class: MotorClaim._17_MotorClaim_PaymentDetails<br/>
<a href="#Output-17714374" onClick='toggleBox("Output-17714374", this, "Show output", "Hide output");'>Show output</a>

<a href="#Output-17714374" onClick="toggleAllBoxes();">Show all outputs</a>
<div class='log' id="Output-17714374">
Login Successfull<br/>
</div>
</td>
<td></td>
<td>6</td>
<td>MotorClaim._17_MotorClaim_PaymentDetails@747ddf94</td></tr>
<tr>
<td title='MotorClaim._18_MotorClaim_Completion.MotorClaim_Completion()'><b>MotorClaim_Completion</b><br>Test class: MotorClaim._18_MotorClaim_Completion<br/>
<a href="#Output-901225247" onClick='toggleBox("Output-901225247", this, "Show output", "Hide output");'>Show output</a>

<a href="#Output-901225247" onClick="toggleAllBoxes();">Show all outputs</a>
<div class='log' id="Output-901225247">
Login Successfull<br/>
</div>
</td>
<td></td>
<td>6</td>
<td>MotorClaim._18_MotorClaim_Completion@35e2d654</td></tr>
<tr>
<td title='MotorClaim._08_MotorClaim_InsurerVerification.MotorClaim_InsurerVerification()'><b>MotorClaim_InsurerVerification</b><br>Test class: MotorClaim._08_MotorClaim_InsurerVerification<br/>
<a href="#Output-2003287374" onClick='toggleBox("Output-2003287374", this, "Show output", "Hide output");'>Show output</a>

<a href="#Output-2003287374" onClick="toggleAllBoxes();">Show all outputs</a>
<div class='log' id="Output-2003287374">
Login Successfull<br/>
</div>
</td>
<td></td>
<td>9</td>
<td>MotorClaim._08_MotorClaim_InsurerVerification@4efbca5a</td></tr>
<tr>
<td title='MotorClaim._03_MotorClaim_QualityCheck.MotorClaim_QualityCheck()'><b>MotorClaim_QualityCheck</b><br>Test class: MotorClaim._03_MotorClaim_QualityCheck<br/>
<a href="#Output-236055802" onClick='toggleBox("Output-236055802", this, "Show output", "Hide output");'>Show output</a>

<a href="#Output-236055802" onClick="toggleAllBoxes();">Show all outputs</a>
<div class='log' id="Output-236055802">
Login Successfull<br/>
</div>
</td>
<td></td>
<td>10</td>
<td>MotorClaim._03_MotorClaim_QualityCheck@6adbc9d</td></tr>
<tr>
<td title='MotorClaim._06_MotorClaim_RepairerReport.MotorClaim_RepairerReport()'><b>MotorClaim_RepairerReport</b><br>Test class: MotorClaim._06_MotorClaim_RepairerReport<br/>
<a href="#Output-481947474" onClick='toggleBox("Output-481947474", this, "Show output", "Hide output");'>Show output</a>

<a href="#Output-481947474" onClick="toggleAllBoxes();">Show all outputs</a>
<div class='log' id="Output-481947474">
Login Successfull<br/>
</div>
</td>
<td></td>
<td>9</td>
<td>MotorClaim._06_MotorClaim_RepairerReport@223191a6</td></tr>
<tr>
<td title='MotorClaim._04_MotorClaim_CustomerReview.MotorClaim_CustomerReview()'><b>MotorClaim_CustomerReview</b><br>Test class: MotorClaim._04_MotorClaim_CustomerReview<br/>
<a href="#Output-247309715" onClick='toggleBox("Output-247309715", this, "Show output", "Hide output");'>Show output</a>

<a href="#Output-247309715" onClick="toggleAllBoxes();">Show all outputs</a>
<div class='log' id="Output-247309715">
Login Successfull<br/>
</div>
</td>
<td></td>
<td>9</td>
<td>MotorClaim._04_MotorClaim_CustomerReview@4550bb58</td></tr>
<tr>
<td title='MotorClaim._13_MotorClaim_RepairerProgress.MotorClaim_RepairerProgress()'><b>MotorClaim_RepairerProgress</b><br>Test class: MotorClaim._13_MotorClaim_RepairerProgress<br/>
<a href="#Output-378838522" onClick='toggleBox("Output-378838522", this, "Show output", "Hide output");'>Show output</a>

<a href="#Output-378838522" onClick="toggleAllBoxes();">Show all outputs</a>
<div class='log' id="Output-378838522">
Login Successfull<br/>
</div>
</td>
<td></td>
<td>15</td>
<td>MotorClaim._13_MotorClaim_RepairerProgress@1a482e36</td></tr>
<tr>
<td title='MotorClaim.MotorClaim_Feedback_From_All_Users.MotorClaim_FeedBack_FinalCompletion()'><b>MotorClaim_FeedBack_FinalCompletion</b><br>Test class: MotorClaim.MotorClaim_Feedback_From_All_Users<br/>
<a href="#Output-1096030628" onClick='toggleBox("Output-1096030628", this, "Show output", "Hide output");'>Show output</a>

<a href="#Output-1096030628" onClick="toggleAllBoxes();">Show all outputs</a>
<div class='log' id="Output-1096030628">
Login Successfull<br/>
</div>
</td>
<td></td>
<td>5</td>
<td>MotorClaim.MotorClaim_Feedback_From_All_Users@1bd4fdd</td></tr>
<tr>
<td title='MotorClaim._14_MotorClaim_FinalReport.MotorClaim_FinalReport()'><b>MotorClaim_FinalReport</b><br>Test class: MotorClaim._14_MotorClaim_FinalReport<br/>
<a href="#Output-981307724" onClick='toggleBox("Output-981307724", this, "Show output", "Hide output");'>Show output</a>

<a href="#Output-981307724" onClick="toggleAllBoxes();">Show all outputs</a>
<div class='log' id="Output-981307724">
Login Successfull<br/>
</div>
</td>
<td></td>
<td>14</td>
<td>MotorClaim._14_MotorClaim_FinalReport@72967906</td></tr>
<tr>
<td title='MotorClaim._07_MotorClaim_QCApproval.MotorClaim_QCApproval()'><b>MotorClaim_QCApproval</b><br>Test class: MotorClaim._07_MotorClaim_QCApproval<br/>
<a href="#Output-313249054" onClick='toggleBox("Output-313249054", this, "Show output", "Hide output");'>Show output</a>

<a href="#Output-313249054" onClick="toggleAllBoxes();">Show all outputs</a>
<div class='log' id="Output-313249054">
Login Successfull<br/>
</div>
</td>
<td></td>
<td>5</td>
<td>MotorClaim._07_MotorClaim_QCApproval@49139829</td></tr>
<tr>
<td title='MotorClaim._10_MotorClaim_SurveyorReport.MotorClaim_SurveyorReport()'><b>MotorClaim_SurveyorReport</b><br>Test class: MotorClaim._10_MotorClaim_SurveyorReport<br/>
<a href="#Output-1379436911" onClick='toggleBox("Output-1379436911", this, "Show output", "Hide output");'>Show output</a>

<a href="#Output-1379436911" onClick="toggleAllBoxes();">Show all outputs</a>
<div class='log' id="Output-1379436911">
Login Successfull<br/>
</div>
</td>
<td></td>
<td>7</td>
<td>MotorClaim._10_MotorClaim_SurveyorReport@59662a0b</td></tr>
<tr>
<td title='MotorClaim._11_MotorClaim_RepairerAuthorization.MotorClaim_RepairerAuthorization()'><b>MotorClaim_RepairerAuthorization</b><br>Test class: MotorClaim._11_MotorClaim_RepairerAuthorization<br/>
<a href="#Output-1601055449" onClick='toggleBox("Output-1601055449", this, "Show output", "Hide output");'>Show output</a>

<a href="#Output-1601055449" onClick="toggleAllBoxes();">Show all outputs</a>
<div class='log' id="Output-1601055449">
Login Successfull<br/>
</div>
</td>
<td></td>
<td>6</td>
<td>MotorClaim._11_MotorClaim_RepairerAuthorization@77fbd92c</td></tr>
<tr>
<td title='MotorClaim._16_MotorClaim_BillVerification.MotorClaim_BillVerification()'><b>MotorClaim_BillVerification</b><br>Test class: MotorClaim._16_MotorClaim_BillVerification<br/>
<a href="#Output-1959627861" onClick='toggleBox("Output-1959627861", this, "Show output", "Hide output");'>Show output</a>

<a href="#Output-1959627861" onClick="toggleAllBoxes();">Show all outputs</a>
<div class='log' id="Output-1959627861">
Login Successfull<br/>
</div>
</td>
<td></td>
<td>22</td>
<td>MotorClaim._16_MotorClaim_BillVerification@2f9f7dcf</td></tr>
<tr>
<td title='MotorClaim._09_MotorClaim_SurveyorAppointment.MotorClaim_SurveyorAppointment()'><b>MotorClaim_SurveyorAppointment</b><br>Test class: MotorClaim._09_MotorClaim_SurveyorAppointment<br/>
<a href="#Output-1113898680" onClick='toggleBox("Output-1113898680", this, "Show output", "Hide output");'>Show output</a>

<a href="#Output-1113898680" onClick="toggleAllBoxes();">Show all outputs</a>
<div class='log' id="Output-1113898680">
Login Successfull<br/>
</div>
</td>
<td></td>
<td>15</td>
<td>MotorClaim._09_MotorClaim_SurveyorAppointment@1b7cc17c</td></tr>
<tr>
<td title='MotorClaim._05_MotorClaim_RepairerAppointment.MotorClaim_RepairerAppointment()'><b>MotorClaim_RepairerAppointment</b><br>Test class: MotorClaim._05_MotorClaim_RepairerAppointment<br/>
<a href="#Output-876695548" onClick='toggleBox("Output-876695548", this, "Show output", "Hide output");'>Show output</a>

<a href="#Output-876695548" onClick="toggleAllBoxes();">Show all outputs</a>
<div class='log' id="Output-876695548">
Login Successfull<br/>
</div>
</td>
<td></td>
<td>16</td>
<td>MotorClaim._05_MotorClaim_RepairerAppointment@4ec4f3a0</td></tr>
<tr>
<td title='MotorClaim._12_MotorClaim_ClaimFinancerAllocation.MotorClaim_ClaimFinancerAllocation()'><b>MotorClaim_ClaimFinancerAllocation</b><br>Test class: MotorClaim._12_MotorClaim_ClaimFinancerAllocation<br/>
<a href="#Output-154021011" onClick='toggleBox("Output-154021011", this, "Show output", "Hide output");'>Show output</a>

<a href="#Output-154021011" onClick="toggleAllBoxes();">Show all outputs</a>
<div class='log' id="Output-154021011">
Login Successfull<br/>
</div>
</td>
<td></td>
<td>10</td>
<td>MotorClaim._12_MotorClaim_ClaimFinancerAllocation@67c27493</td></tr>
</table><p>
</body>
</html>